[0.073s] DEBUG:colcon:Command line arguments: ['/usr/bin/colcon', 'build', '--symlink-install']
[0.073s] DEBUG:colcon:Parsed command line arguments: Namespace(log_base=None, log_level=None, verb_name='build', build_base='build', install_base='install', merge_install=False, symlink_install=True, test_result_base=None, continue_on_error=False, executor='parallel', parallel_workers=8, event_handlers=None, ignore_user_meta=False, metas=['./colcon.meta'], base_paths=['.'], packages_ignore=None, packages_ignore_regex=None, paths=None, packages_up_to=None, packages_up_to_regex=None, packages_above=None, packages_above_and_dependencies=None, packages_above_depth=None, packages_select_by_dep=None, packages_skip_by_dep=None, packages_skip_up_to=None, packages_select_build_failed=False, packages_skip_build_finished=False, packages_select_test_failures=False, packages_skip_test_passed=False, packages_select=None, packages_skip=None, packages_select_regex=None, packages_skip_regex=None, packages_start=None, packages_end=None, cmake_args=None, cmake_target=None, cmake_target_skip_unavailable=False, cmake_clean_cache=False, cmake_clean_first=False, cmake_force_configure=False, ament_cmake_args=None, catkin_cmake_args=None, catkin_skip_building_tests=False, mixin_files=None, mixin=None, verb_parser=<colcon_mixin.mixin.mixin_argument.MixinArgumentDecorator object at 0x7fa6f1870f70>, verb_extension=<colcon_core.verb.build.BuildVerb object at 0x7fa6f1971600>, main=<bound method BuildVerb.main of <colcon_core.verb.build.BuildVerb object at 0x7fa6f1971600>>, mixin_verb=('build',))
[0.166s] Level 1:colcon.colcon_core.package_discovery:discover_packages(colcon_meta) check parameters
[0.166s] INFO:colcon.colcon_metadata.package_discovery.colcon_meta:Using configuration from '/root/.colcon/metadata/default/Gazebo.meta'
[0.167s] INFO:colcon.colcon_metadata.package_discovery.colcon_meta:Using configuration from '/root/.colcon/metadata/default/fastrtps.meta'
[0.167s] Level 1:colcon.colcon_core.package_discovery:discover_packages(recursive) check parameters
[0.167s] Level 1:colcon.colcon_core.package_discovery:discover_packages(ignore) check parameters
[0.167s] Level 1:colcon.colcon_core.package_discovery:discover_packages(path) check parameters
[0.167s] Level 1:colcon.colcon_core.package_discovery:discover_packages(colcon_meta) discover
[0.167s] Level 1:colcon.colcon_core.package_discovery:discover_packages(recursive) discover
[0.167s] INFO:colcon.colcon_core.package_discovery:Crawling recursively for packages in '/ros2_ws/src/control_ws'
[0.167s] Level 1:colcon.colcon_core.package_identification:_identify(.) by extensions ['ignore', 'ignore_ament_install']
[0.167s] Level 1:colcon.colcon_core.package_identification:_identify(.) by extension 'ignore'
[0.167s] Level 1:colcon.colcon_core.package_identification:_identify(.) by extension 'ignore_ament_install'
[0.167s] Level 1:colcon.colcon_core.package_identification:_identify(.) by extensions ['colcon_pkg']
[0.167s] Level 1:colcon.colcon_core.package_identification:_identify(.) by extension 'colcon_pkg'
[0.167s] Level 1:colcon.colcon_core.package_identification:_identify(.) by extensions ['colcon_meta']
[0.167s] Level 1:colcon.colcon_core.package_identification:_identify(.) by extension 'colcon_meta'
[0.167s] Level 1:colcon.colcon_core.package_identification:_identify(.) by extensions ['ros']
[0.167s] Level 1:colcon.colcon_core.package_identification:_identify(.) by extension 'ros'
[0.175s] Level 1:colcon.colcon_core.package_identification:_identify(.) by extensions ['cmake', 'python']
[0.175s] Level 1:colcon.colcon_core.package_identification:_identify(.) by extension 'cmake'
[0.175s] Level 1:colcon.colcon_core.package_identification:_identify(.) by extension 'python'
[0.175s] Level 1:colcon.colcon_core.package_identification:_identify(.) by extensions ['python_setup_py']
[0.175s] Level 1:colcon.colcon_core.package_identification:_identify(.) by extension 'python_setup_py'
[0.175s] Level 1:colcon.colcon_core.package_identification:_identify(build) by extensions ['ignore', 'ignore_ament_install']
[0.175s] Level 1:colcon.colcon_core.package_identification:_identify(build) by extension 'ignore'
[0.175s] Level 1:colcon.colcon_core.package_identification:_identify(build) ignored
[0.175s] Level 1:colcon.colcon_core.package_identification:_identify(install) by extensions ['ignore', 'ignore_ament_install']
[0.175s] Level 1:colcon.colcon_core.package_identification:_identify(install) by extension 'ignore'
[0.175s] Level 1:colcon.colcon_core.package_identification:_identify(install) ignored
[0.175s] Level 1:colcon.colcon_core.package_identification:_identify(log) by extensions ['ignore', 'ignore_ament_install']
[0.175s] Level 1:colcon.colcon_core.package_identification:_identify(log) by extension 'ignore'
[0.175s] Level 1:colcon.colcon_core.package_identification:_identify(log) ignored
[0.176s] Level 1:colcon.colcon_core.package_identification:_identify(src) by extensions ['ignore', 'ignore_ament_install']
[0.176s] Level 1:colcon.colcon_core.package_identification:_identify(src) by extension 'ignore'
[0.176s] Level 1:colcon.colcon_core.package_identification:_identify(src) by extension 'ignore_ament_install'
[0.176s] Level 1:colcon.colcon_core.package_identification:_identify(src) by extensions ['colcon_pkg']
[0.176s] Level 1:colcon.colcon_core.package_identification:_identify(src) by extension 'colcon_pkg'
[0.176s] Level 1:colcon.colcon_core.package_identification:_identify(src) by extensions ['colcon_meta']
[0.176s] Level 1:colcon.colcon_core.package_identification:_identify(src) by extension 'colcon_meta'
[0.176s] Level 1:colcon.colcon_core.package_identification:_identify(src) by extensions ['ros']
[0.176s] Level 1:colcon.colcon_core.package_identification:_identify(src) by extension 'ros'
[0.176s] Level 1:colcon.colcon_core.package_identification:_identify(src) by extensions ['cmake', 'python']
[0.176s] Level 1:colcon.colcon_core.package_identification:_identify(src) by extension 'cmake'
[0.176s] Level 1:colcon.colcon_core.package_identification:_identify(src) by extension 'python'
[0.176s] Level 1:colcon.colcon_core.package_identification:_identify(src) by extensions ['python_setup_py']
[0.176s] Level 1:colcon.colcon_core.package_identification:_identify(src) by extension 'python_setup_py'
[0.176s] Level 1:colcon.colcon_core.package_identification:_identify(src/example_2) by extensions ['ignore', 'ignore_ament_install']
[0.176s] Level 1:colcon.colcon_core.package_identification:_identify(src/example_2) by extension 'ignore'
[0.176s] Level 1:colcon.colcon_core.package_identification:_identify(src/example_2) by extension 'ignore_ament_install'
[0.176s] Level 1:colcon.colcon_core.package_identification:_identify(src/example_2) by extensions ['colcon_pkg']
[0.176s] Level 1:colcon.colcon_core.package_identification:_identify(src/example_2) by extension 'colcon_pkg'
[0.176s] Level 1:colcon.colcon_core.package_identification:_identify(src/example_2) by extensions ['colcon_meta']
[0.176s] Level 1:colcon.colcon_core.package_identification:_identify(src/example_2) by extension 'colcon_meta'
[0.176s] Level 1:colcon.colcon_core.package_identification:_identify(src/example_2) by extensions ['ros']
[0.176s] Level 1:colcon.colcon_core.package_identification:_identify(src/example_2) by extension 'ros'
[0.178s] DEBUG:colcon.colcon_core.package_identification:Package 'src/example_2' with type 'ros.ament_cmake' and name 'ros2_control_demo_example_2'
[0.178s] Level 1:colcon.colcon_core.package_identification:_identify(src/ros2_control_demo_description) by extensions ['ignore', 'ignore_ament_install']
[0.178s] Level 1:colcon.colcon_core.package_identification:_identify(src/ros2_control_demo_description) by extension 'ignore'
[0.178s] Level 1:colcon.colcon_core.package_identification:_identify(src/ros2_control_demo_description) by extension 'ignore_ament_install'
[0.178s] Level 1:colcon.colcon_core.package_identification:_identify(src/ros2_control_demo_description) by extensions ['colcon_pkg']
[0.178s] Level 1:colcon.colcon_core.package_identification:_identify(src/ros2_control_demo_description) by extension 'colcon_pkg'
[0.178s] Level 1:colcon.colcon_core.package_identification:_identify(src/ros2_control_demo_description) by extensions ['colcon_meta']
[0.178s] Level 1:colcon.colcon_core.package_identification:_identify(src/ros2_control_demo_description) by extension 'colcon_meta'
[0.178s] Level 1:colcon.colcon_core.package_identification:_identify(src/ros2_control_demo_description) by extensions ['ros']
[0.178s] Level 1:colcon.colcon_core.package_identification:_identify(src/ros2_control_demo_description) by extension 'ros'
[0.179s] DEBUG:colcon.colcon_core.package_identification:Package 'src/ros2_control_demo_description' with type 'ros.ament_cmake' and name 'ros2_control_demo_description'
[0.179s] Level 1:colcon.colcon_core.package_discovery:discover_packages(recursive) using defaults
[0.179s] Level 1:colcon.colcon_core.package_discovery:discover_packages(ignore) discover
[0.179s] Level 1:colcon.colcon_core.package_discovery:discover_packages(ignore) using defaults
[0.179s] Level 1:colcon.colcon_core.package_discovery:discover_packages(path) discover
[0.179s] Level 1:colcon.colcon_core.package_discovery:discover_packages(path) using defaults
[0.192s] Level 5:colcon.colcon_core.verb:set package 'ros2_control_demo_description' build argument 'cmake_args' from command line to 'None'
[0.192s] Level 5:colcon.colcon_core.verb:set package 'ros2_control_demo_description' build argument 'cmake_target' from command line to 'None'
[0.192s] Level 5:colcon.colcon_core.verb:set package 'ros2_control_demo_description' build argument 'cmake_target_skip_unavailable' from command line to 'False'
[0.192s] Level 5:colcon.colcon_core.verb:set package 'ros2_control_demo_description' build argument 'cmake_clean_cache' from command line to 'False'
[0.192s] Level 5:colcon.colcon_core.verb:set package 'ros2_control_demo_description' build argument 'cmake_clean_first' from command line to 'False'
[0.192s] Level 5:colcon.colcon_core.verb:set package 'ros2_control_demo_description' build argument 'cmake_force_configure' from command line to 'False'
[0.192s] Level 5:colcon.colcon_core.verb:set package 'ros2_control_demo_description' build argument 'ament_cmake_args' from command line to 'None'
[0.192s] Level 5:colcon.colcon_core.verb:set package 'ros2_control_demo_description' build argument 'catkin_cmake_args' from command line to 'None'
[0.192s] Level 5:colcon.colcon_core.verb:set package 'ros2_control_demo_description' build argument 'catkin_skip_building_tests' from command line to 'False'
[0.192s] DEBUG:colcon.colcon_core.verb:Building package 'ros2_control_demo_description' with the following arguments: {'ament_cmake_args': None, 'build_base': '/ros2_ws/src/control_ws/build/ros2_control_demo_description', 'catkin_cmake_args': None, 'catkin_skip_building_tests': False, 'cmake_args': None, 'cmake_clean_cache': False, 'cmake_clean_first': False, 'cmake_force_configure': False, 'cmake_target': None, 'cmake_target_skip_unavailable': False, 'install_base': '/ros2_ws/src/control_ws/install/ros2_control_demo_description', 'merge_install': False, 'path': '/ros2_ws/src/control_ws/src/ros2_control_demo_description', 'symlink_install': True, 'test_result_base': None}
[0.193s] Level 5:colcon.colcon_core.verb:set package 'ros2_control_demo_example_2' build argument 'cmake_args' from command line to 'None'
[0.193s] Level 5:colcon.colcon_core.verb:set package 'ros2_control_demo_example_2' build argument 'cmake_target' from command line to 'None'
[0.193s] Level 5:colcon.colcon_core.verb:set package 'ros2_control_demo_example_2' build argument 'cmake_target_skip_unavailable' from command line to 'False'
[0.193s] Level 5:colcon.colcon_core.verb:set package 'ros2_control_demo_example_2' build argument 'cmake_clean_cache' from command line to 'False'
[0.193s] Level 5:colcon.colcon_core.verb:set package 'ros2_control_demo_example_2' build argument 'cmake_clean_first' from command line to 'False'
[0.193s] Level 5:colcon.colcon_core.verb:set package 'ros2_control_demo_example_2' build argument 'cmake_force_configure' from command line to 'False'
[0.193s] Level 5:colcon.colcon_core.verb:set package 'ros2_control_demo_example_2' build argument 'ament_cmake_args' from command line to 'None'
[0.193s] Level 5:colcon.colcon_core.verb:set package 'ros2_control_demo_example_2' build argument 'catkin_cmake_args' from command line to 'None'
[0.193s] Level 5:colcon.colcon_core.verb:set package 'ros2_control_demo_example_2' build argument 'catkin_skip_building_tests' from command line to 'False'
[0.193s] DEBUG:colcon.colcon_core.verb:Building package 'ros2_control_demo_example_2' with the following arguments: {'ament_cmake_args': None, 'build_base': '/ros2_ws/src/control_ws/build/ros2_control_demo_example_2', 'catkin_cmake_args': None, 'catkin_skip_building_tests': False, 'cmake_args': None, 'cmake_clean_cache': False, 'cmake_clean_first': False, 'cmake_force_configure': False, 'cmake_target': None, 'cmake_target_skip_unavailable': False, 'install_base': '/ros2_ws/src/control_ws/install/ros2_control_demo_example_2', 'merge_install': False, 'path': '/ros2_ws/src/control_ws/src/example_2', 'symlink_install': True, 'test_result_base': None}
[0.193s] INFO:colcon.colcon_core.executor:Executing jobs using 'parallel' executor
[0.194s] DEBUG:colcon.colcon_parallel_executor.executor.parallel:run_until_complete
[0.194s] INFO:colcon.colcon_ros.task.ament_cmake.build:Building ROS package in '/ros2_ws/src/control_ws/src/ros2_control_demo_description' with build type 'ament_cmake'
[0.194s] INFO:colcon.colcon_cmake.task.cmake.build:Building CMake package in '/ros2_ws/src/control_ws/src/ros2_control_demo_description'
[0.195s] INFO:colcon.colcon_core.plugin_system:Skipping extension 'colcon_core.shell.bat': Not used on non-Windows systems
[0.195s] INFO:colcon.colcon_core.shell:Skip shell extension 'powershell' for command environment: Not usable outside of PowerShell
[0.195s] DEBUG:colcon.colcon_core.shell:Skip shell extension 'dsv' for command environment
[0.196s] WARNING:colcon.colcon_core.prefix_path.colcon:The path '/ros2_ws/control_ws/install' in the environment variable COLCON_PREFIX_PATH doesn't exist
[0.196s] WARNING:colcon.colcon_ros.prefix_path.ament:The path '/ros2_ws/control_ws/install/ros2_control_demo_description' in the environment variable AMENT_PREFIX_PATH doesn't exist
[0.196s] WARNING:colcon.colcon_ros.prefix_path.ament:The path '/ros2_ws/control_ws/install/ros2_control_demo_example_2' in the environment variable AMENT_PREFIX_PATH doesn't exist
[0.197s] WARNING:colcon.colcon_ros.prefix_path.catkin:The path '/ros2_ws/control_ws/install/ros2_control_demo_description' in the environment variable CMAKE_PREFIX_PATH doesn't exist
[0.197s] WARNING:colcon.colcon_ros.prefix_path.catkin:The path '/ros2_ws/control_ws/install/ros2_control_demo_example_2' in the environment variable CMAKE_PREFIX_PATH doesn't exist
[0.205s] DEBUG:colcon.colcon_core.event_handler.log_command:Invoking command in '/ros2_ws/src/control_ws/build/ros2_control_demo_description': CMAKE_PREFIX_PATH=${CMAKE_PREFIX_PATH}:/ros2_ws/install/canopen_utils:/opt/ros/humble /usr/bin/cmake --build /ros2_ws/src/control_ws/build/ros2_control_demo_description -- -j8 -l8
[0.231s] DEBUG:colcon.colcon_core.event_handler.log_command:Invoked command in '/ros2_ws/src/control_ws/build/ros2_control_demo_description' returned '0': CMAKE_PREFIX_PATH=${CMAKE_PREFIX_PATH}:/ros2_ws/install/canopen_utils:/opt/ros/humble /usr/bin/cmake --build /ros2_ws/src/control_ws/build/ros2_control_demo_description -- -j8 -l8
[0.257s] DEBUG:colcon.colcon_core.event_handler.log_command:Invoking command in '/ros2_ws/src/control_ws/build/ros2_control_demo_description': CMAKE_PREFIX_PATH=${CMAKE_PREFIX_PATH}:/ros2_ws/install/canopen_utils:/opt/ros/humble /usr/bin/cmake --install /ros2_ws/src/control_ws/build/ros2_control_demo_description
[0.276s] Level 1:colcon.colcon_core.environment:create_environment_scripts_only(ros2_control_demo_description)
[0.276s] DEBUG:colcon.colcon_core.event_handler.log_command:Invoked command in '/ros2_ws/src/control_ws/build/ros2_control_demo_description' returned '0': CMAKE_PREFIX_PATH=${CMAKE_PREFIX_PATH}:/ros2_ws/install/canopen_utils:/opt/ros/humble /usr/bin/cmake --install /ros2_ws/src/control_ws/build/ros2_control_demo_description
[0.278s] Level 1:colcon.colcon_core.environment:checking '/ros2_ws/src/control_ws/install/ros2_control_demo_description' for CMake module files
[0.278s] Level 1:colcon.colcon_core.environment:checking '/ros2_ws/src/control_ws/install/ros2_control_demo_description' for CMake config files
[0.278s] Level 1:colcon.colcon_core.shell:create_environment_hook('ros2_control_demo_description', 'cmake_prefix_path')
[0.278s] INFO:colcon.colcon_core.shell:Creating environment hook '/ros2_ws/src/control_ws/install/ros2_control_demo_description/share/ros2_control_demo_description/hook/cmake_prefix_path.ps1'
[0.279s] INFO:colcon.colcon_core.shell:Creating environment descriptor '/ros2_ws/src/control_ws/install/ros2_control_demo_description/share/ros2_control_demo_description/hook/cmake_prefix_path.dsv'
[0.279s] INFO:colcon.colcon_core.shell:Creating environment hook '/ros2_ws/src/control_ws/install/ros2_control_demo_description/share/ros2_control_demo_description/hook/cmake_prefix_path.sh'
[0.280s] Level 1:colcon.colcon_core.environment:checking '/ros2_ws/src/control_ws/install/ros2_control_demo_description/bin'
[0.280s] Level 1:colcon.colcon_core.environment:checking '/ros2_ws/src/control_ws/install/ros2_control_demo_description/lib/pkgconfig/ros2_control_demo_description.pc'
[0.281s] Level 1:colcon.colcon_core.environment:checking '/ros2_ws/src/control_ws/install/ros2_control_demo_description/lib/python3.10/site-packages'
[0.281s] Level 1:colcon.colcon_core.environment:checking '/ros2_ws/src/control_ws/install/ros2_control_demo_description/bin'
[0.281s] INFO:colcon.colcon_core.shell:Creating package script '/ros2_ws/src/control_ws/install/ros2_control_demo_description/share/ros2_control_demo_description/package.ps1'
[0.282s] INFO:colcon.colcon_core.shell:Creating package descriptor '/ros2_ws/src/control_ws/install/ros2_control_demo_description/share/ros2_control_demo_description/package.dsv'
[0.282s] INFO:colcon.colcon_core.shell:Creating package script '/ros2_ws/src/control_ws/install/ros2_control_demo_description/share/ros2_control_demo_description/package.sh'
[0.283s] INFO:colcon.colcon_core.shell:Creating package script '/ros2_ws/src/control_ws/install/ros2_control_demo_description/share/ros2_control_demo_description/package.bash'
[0.283s] INFO:colcon.colcon_core.shell:Creating package script '/ros2_ws/src/control_ws/install/ros2_control_demo_description/share/ros2_control_demo_description/package.zsh'
[0.284s] Level 1:colcon.colcon_core.environment:create_file_with_runtime_dependencies(/ros2_ws/src/control_ws/install/ros2_control_demo_description/share/colcon-core/packages/ros2_control_demo_description)
[0.301s] Level 1:colcon.colcon_core.environment:create_environment_scripts_only(ros2_control_demo_description)
[0.301s] Level 1:colcon.colcon_core.environment:checking '/ros2_ws/src/control_ws/install/ros2_control_demo_description' for CMake module files
[0.301s] Level 1:colcon.colcon_core.environment:checking '/ros2_ws/src/control_ws/install/ros2_control_demo_description' for CMake config files
[0.302s] Level 1:colcon.colcon_core.shell:create_environment_hook('ros2_control_demo_description', 'cmake_prefix_path')
[0.302s] INFO:colcon.colcon_core.shell:Creating environment hook '/ros2_ws/src/control_ws/install/ros2_control_demo_description/share/ros2_control_demo_description/hook/cmake_prefix_path.ps1'
[0.302s] INFO:colcon.colcon_core.shell:Creating environment descriptor '/ros2_ws/src/control_ws/install/ros2_control_demo_description/share/ros2_control_demo_description/hook/cmake_prefix_path.dsv'
[0.302s] INFO:colcon.colcon_core.shell:Creating environment hook '/ros2_ws/src/control_ws/install/ros2_control_demo_description/share/ros2_control_demo_description/hook/cmake_prefix_path.sh'
[0.303s] Level 1:colcon.colcon_core.environment:checking '/ros2_ws/src/control_ws/install/ros2_control_demo_description/bin'
[0.303s] Level 1:colcon.colcon_core.environment:checking '/ros2_ws/src/control_ws/install/ros2_control_demo_description/lib/pkgconfig/ros2_control_demo_description.pc'
[0.303s] Level 1:colcon.colcon_core.environment:checking '/ros2_ws/src/control_ws/install/ros2_control_demo_description/lib/python3.10/site-packages'
[0.303s] Level 1:colcon.colcon_core.environment:checking '/ros2_ws/src/control_ws/install/ros2_control_demo_description/bin'
[0.303s] INFO:colcon.colcon_core.shell:Creating package script '/ros2_ws/src/control_ws/install/ros2_control_demo_description/share/ros2_control_demo_description/package.ps1'
[0.304s] INFO:colcon.colcon_core.shell:Creating package descriptor '/ros2_ws/src/control_ws/install/ros2_control_demo_description/share/ros2_control_demo_description/package.dsv'
[0.304s] INFO:colcon.colcon_core.shell:Creating package script '/ros2_ws/src/control_ws/install/ros2_control_demo_description/share/ros2_control_demo_description/package.sh'
[0.304s] INFO:colcon.colcon_core.shell:Creating package script '/ros2_ws/src/control_ws/install/ros2_control_demo_description/share/ros2_control_demo_description/package.bash'
[0.304s] INFO:colcon.colcon_core.shell:Creating package script '/ros2_ws/src/control_ws/install/ros2_control_demo_description/share/ros2_control_demo_description/package.zsh'
[0.305s] Level 1:colcon.colcon_core.environment:create_file_with_runtime_dependencies(/ros2_ws/src/control_ws/install/ros2_control_demo_description/share/colcon-core/packages/ros2_control_demo_description)
[0.305s] INFO:colcon.colcon_ros.task.ament_cmake.build:Building ROS package in '/ros2_ws/src/control_ws/src/example_2' with build type 'ament_cmake'
[0.305s] INFO:colcon.colcon_cmake.task.cmake.build:Building CMake package in '/ros2_ws/src/control_ws/src/example_2'
[0.305s] INFO:colcon.colcon_core.shell:Skip shell extension 'powershell' for command environment: Not usable outside of PowerShell
[0.305s] DEBUG:colcon.colcon_core.shell:Skip shell extension 'dsv' for command environment
[0.315s] DEBUG:colcon.colcon_core.event_handler.log_command:Invoking command in '/ros2_ws/src/control_ws/build/ros2_control_demo_example_2': CMAKE_PREFIX_PATH=/ros2_ws/src/control_ws/install/ros2_control_demo_description:/ros2_ws/install/ros2_control_demo_example_2:/ros2_ws/install/ros2_control_demo_description:/ros2_ws/src/control_ws/install/ros2_control_demo_example_2:/ros2_ws/control_ws/install/ros2_control_demo_description:/ros2_ws/control_ws/install/ros2_control_demo_example_2:/ros2_ws/install/turtlebot3_simulations:/ros2_ws/install/turtlebot3_gazebo:/ros2_ws/install/turtlebot3_fake_node:/ros2_ws/install/pd4e_can:/ros2_ws/install/canopen_tests:/ros2_ws/install/canopen_ros2_controllers:/ros2_ws/install/canopen_ros2_control:/ros2_ws/install/canopen:/ros2_ws/install/canopen_402_driver:/ros2_ws/install/canopen_proxy_driver:/ros2_ws/install/canopen_master_driver:/ros2_ws/install/canopen_fake_slaves:/ros2_ws/install/canopen_base_driver:/ros2_ws/install/canopen_core:/ros2_ws/install/lely_core_libraries:/ros2_ws/install/canopen_interfaces:/ros2_ws/install/canopen_utils:/opt/ros/humble /usr/bin/cmake --build /ros2_ws/src/control_ws/build/ros2_control_demo_example_2 -- -j8 -l8
[0.364s] DEBUG:colcon.colcon_core.event_handler.log_command:Invoked command in '/ros2_ws/src/control_ws/build/ros2_control_demo_example_2' returned '0': CMAKE_PREFIX_PATH=/ros2_ws/src/control_ws/install/ros2_control_demo_description:/ros2_ws/install/ros2_control_demo_example_2:/ros2_ws/install/ros2_control_demo_description:/ros2_ws/src/control_ws/install/ros2_control_demo_example_2:/ros2_ws/control_ws/install/ros2_control_demo_description:/ros2_ws/control_ws/install/ros2_control_demo_example_2:/ros2_ws/install/turtlebot3_simulations:/ros2_ws/install/turtlebot3_gazebo:/ros2_ws/install/turtlebot3_fake_node:/ros2_ws/install/pd4e_can:/ros2_ws/install/canopen_tests:/ros2_ws/install/canopen_ros2_controllers:/ros2_ws/install/canopen_ros2_control:/ros2_ws/install/canopen:/ros2_ws/install/canopen_402_driver:/ros2_ws/install/canopen_proxy_driver:/ros2_ws/install/canopen_master_driver:/ros2_ws/install/canopen_fake_slaves:/ros2_ws/install/canopen_base_driver:/ros2_ws/install/canopen_core:/ros2_ws/install/lely_core_libraries:/ros2_ws/install/canopen_interfaces:/ros2_ws/install/canopen_utils:/opt/ros/humble /usr/bin/cmake --build /ros2_ws/src/control_ws/build/ros2_control_demo_example_2 -- -j8 -l8
[0.385s] DEBUG:colcon.colcon_core.event_handler.log_command:Invoking command in '/ros2_ws/src/control_ws/build/ros2_control_demo_example_2': CMAKE_PREFIX_PATH=/ros2_ws/src/control_ws/install/ros2_control_demo_description:/ros2_ws/install/ros2_control_demo_example_2:/ros2_ws/install/ros2_control_demo_description:/ros2_ws/src/control_ws/install/ros2_control_demo_example_2:/ros2_ws/control_ws/install/ros2_control_demo_description:/ros2_ws/control_ws/install/ros2_control_demo_example_2:/ros2_ws/install/turtlebot3_simulations:/ros2_ws/install/turtlebot3_gazebo:/ros2_ws/install/turtlebot3_fake_node:/ros2_ws/install/pd4e_can:/ros2_ws/install/canopen_tests:/ros2_ws/install/canopen_ros2_controllers:/ros2_ws/install/canopen_ros2_control:/ros2_ws/install/canopen:/ros2_ws/install/canopen_402_driver:/ros2_ws/install/canopen_proxy_driver:/ros2_ws/install/canopen_master_driver:/ros2_ws/install/canopen_fake_slaves:/ros2_ws/install/canopen_base_driver:/ros2_ws/install/canopen_core:/ros2_ws/install/lely_core_libraries:/ros2_ws/install/canopen_interfaces:/ros2_ws/install/canopen_utils:/opt/ros/humble /usr/bin/cmake --install /ros2_ws/src/control_ws/build/ros2_control_demo_example_2
[0.401s] Level 1:colcon.colcon_core.environment:create_environment_scripts_only(ros2_control_demo_example_2)
[0.401s] Level 1:colcon.colcon_core.environment:checking '/ros2_ws/src/control_ws/install/ros2_control_demo_example_2' for CMake module files
[0.402s] DEBUG:colcon.colcon_core.event_handler.log_command:Invoked command in '/ros2_ws/src/control_ws/build/ros2_control_demo_example_2' returned '0': CMAKE_PREFIX_PATH=/ros2_ws/src/control_ws/install/ros2_control_demo_description:/ros2_ws/install/ros2_control_demo_example_2:/ros2_ws/install/ros2_control_demo_description:/ros2_ws/src/control_ws/install/ros2_control_demo_example_2:/ros2_ws/control_ws/install/ros2_control_demo_description:/ros2_ws/control_ws/install/ros2_control_demo_example_2:/ros2_ws/install/turtlebot3_simulations:/ros2_ws/install/turtlebot3_gazebo:/ros2_ws/install/turtlebot3_fake_node:/ros2_ws/install/pd4e_can:/ros2_ws/install/canopen_tests:/ros2_ws/install/canopen_ros2_controllers:/ros2_ws/install/canopen_ros2_control:/ros2_ws/install/canopen:/ros2_ws/install/canopen_402_driver:/ros2_ws/install/canopen_proxy_driver:/ros2_ws/install/canopen_master_driver:/ros2_ws/install/canopen_fake_slaves:/ros2_ws/install/canopen_base_driver:/ros2_ws/install/canopen_core:/ros2_ws/install/lely_core_libraries:/ros2_ws/install/canopen_interfaces:/ros2_ws/install/canopen_utils:/opt/ros/humble /usr/bin/cmake --install /ros2_ws/src/control_ws/build/ros2_control_demo_example_2
[0.402s] Level 1:colcon.colcon_core.environment:checking '/ros2_ws/src/control_ws/install/ros2_control_demo_example_2' for CMake config files
[0.402s] Level 1:colcon.colcon_core.shell:create_environment_hook('ros2_control_demo_example_2', 'cmake_prefix_path')
[0.402s] INFO:colcon.colcon_core.shell:Creating environment hook '/ros2_ws/src/control_ws/install/ros2_control_demo_example_2/share/ros2_control_demo_example_2/hook/cmake_prefix_path.ps1'
[0.403s] INFO:colcon.colcon_core.shell:Creating environment descriptor '/ros2_ws/src/control_ws/install/ros2_control_demo_example_2/share/ros2_control_demo_example_2/hook/cmake_prefix_path.dsv'
[0.403s] INFO:colcon.colcon_core.shell:Creating environment hook '/ros2_ws/src/control_ws/install/ros2_control_demo_example_2/share/ros2_control_demo_example_2/hook/cmake_prefix_path.sh'
[0.403s] Level 1:colcon.colcon_core.environment:checking '/ros2_ws/src/control_ws/install/ros2_control_demo_example_2/lib'
[0.403s] Level 1:colcon.colcon_core.shell:create_environment_hook('ros2_control_demo_example_2', 'ld_library_path_lib')
[0.403s] INFO:colcon.colcon_core.shell:Creating environment hook '/ros2_ws/src/control_ws/install/ros2_control_demo_example_2/share/ros2_control_demo_example_2/hook/ld_library_path_lib.ps1'
[0.404s] INFO:colcon.colcon_core.shell:Creating environment descriptor '/ros2_ws/src/control_ws/install/ros2_control_demo_example_2/share/ros2_control_demo_example_2/hook/ld_library_path_lib.dsv'
[0.404s] INFO:colcon.colcon_core.shell:Creating environment hook '/ros2_ws/src/control_ws/install/ros2_control_demo_example_2/share/ros2_control_demo_example_2/hook/ld_library_path_lib.sh'
[0.404s] Level 1:colcon.colcon_core.environment:checking '/ros2_ws/src/control_ws/install/ros2_control_demo_example_2/bin'
[0.404s] Level 1:colcon.colcon_core.environment:checking '/ros2_ws/src/control_ws/install/ros2_control_demo_example_2/lib/pkgconfig/ros2_control_demo_example_2.pc'
[0.404s] Level 1:colcon.colcon_core.environment:checking '/ros2_ws/src/control_ws/install/ros2_control_demo_example_2/lib/python3.10/site-packages'
[0.404s] Level 1:colcon.colcon_core.environment:checking '/ros2_ws/src/control_ws/install/ros2_control_demo_example_2/bin'
[0.404s] INFO:colcon.colcon_core.shell:Creating package script '/ros2_ws/src/control_ws/install/ros2_control_demo_example_2/share/ros2_control_demo_example_2/package.ps1'
[0.405s] INFO:colcon.colcon_core.shell:Creating package descriptor '/ros2_ws/src/control_ws/install/ros2_control_demo_example_2/share/ros2_control_demo_example_2/package.dsv'
[0.405s] INFO:colcon.colcon_core.shell:Creating package script '/ros2_ws/src/control_ws/install/ros2_control_demo_example_2/share/ros2_control_demo_example_2/package.sh'
[0.405s] INFO:colcon.colcon_core.shell:Creating package script '/ros2_ws/src/control_ws/install/ros2_control_demo_example_2/share/ros2_control_demo_example_2/package.bash'
[0.406s] INFO:colcon.colcon_core.shell:Creating package script '/ros2_ws/src/control_ws/install/ros2_control_demo_example_2/share/ros2_control_demo_example_2/package.zsh'
[0.406s] Level 1:colcon.colcon_core.environment:create_file_with_runtime_dependencies(/ros2_ws/src/control_ws/install/ros2_control_demo_example_2/share/colcon-core/packages/ros2_control_demo_example_2)
[0.429s] Level 1:colcon.colcon_core.environment:create_environment_scripts_only(ros2_control_demo_example_2)
[0.429s] Level 1:colcon.colcon_core.environment:checking '/ros2_ws/src/control_ws/install/ros2_control_demo_example_2' for CMake module files
[0.430s] Level 1:colcon.colcon_core.environment:checking '/ros2_ws/src/control_ws/install/ros2_control_demo_example_2' for CMake config files
[0.430s] Level 1:colcon.colcon_core.shell:create_environment_hook('ros2_control_demo_example_2', 'cmake_prefix_path')
[0.430s] INFO:colcon.colcon_core.shell:Creating environment hook '/ros2_ws/src/control_ws/install/ros2_control_demo_example_2/share/ros2_control_demo_example_2/hook/cmake_prefix_path.ps1'
[0.430s] INFO:colcon.colcon_core.shell:Creating environment descriptor '/ros2_ws/src/control_ws/install/ros2_control_demo_example_2/share/ros2_control_demo_example_2/hook/cmake_prefix_path.dsv'
[0.431s] INFO:colcon.colcon_core.shell:Creating environment hook '/ros2_ws/src/control_ws/install/ros2_control_demo_example_2/share/ros2_control_demo_example_2/hook/cmake_prefix_path.sh'
[0.431s] Level 1:colcon.colcon_core.environment:checking '/ros2_ws/src/control_ws/install/ros2_control_demo_example_2/lib'
[0.431s] Level 1:colcon.colcon_core.shell:create_environment_hook('ros2_control_demo_example_2', 'ld_library_path_lib')
[0.431s] INFO:colcon.colcon_core.shell:Creating environment hook '/ros2_ws/src/control_ws/install/ros2_control_demo_example_2/share/ros2_control_demo_example_2/hook/ld_library_path_lib.ps1'
[0.431s] INFO:colcon.colcon_core.shell:Creating environment descriptor '/ros2_ws/src/control_ws/install/ros2_control_demo_example_2/share/ros2_control_demo_example_2/hook/ld_library_path_lib.dsv'
[0.432s] INFO:colcon.colcon_core.shell:Creating environment hook '/ros2_ws/src/control_ws/install/ros2_control_demo_example_2/share/ros2_control_demo_example_2/hook/ld_library_path_lib.sh'
[0.432s] Level 1:colcon.colcon_core.environment:checking '/ros2_ws/src/control_ws/install/ros2_control_demo_example_2/bin'
[0.432s] Level 1:colcon.colcon_core.environment:checking '/ros2_ws/src/control_ws/install/ros2_control_demo_example_2/lib/pkgconfig/ros2_control_demo_example_2.pc'
[0.432s] Level 1:colcon.colcon_core.environment:checking '/ros2_ws/src/control_ws/install/ros2_control_demo_example_2/lib/python3.10/site-packages'
[0.432s] Level 1:colcon.colcon_core.environment:checking '/ros2_ws/src/control_ws/install/ros2_control_demo_example_2/bin'
[0.432s] INFO:colcon.colcon_core.shell:Creating package script '/ros2_ws/src/control_ws/install/ros2_control_demo_example_2/share/ros2_control_demo_example_2/package.ps1'
[0.433s] INFO:colcon.colcon_core.shell:Creating package descriptor '/ros2_ws/src/control_ws/install/ros2_control_demo_example_2/share/ros2_control_demo_example_2/package.dsv'
[0.433s] INFO:colcon.colcon_core.shell:Creating package script '/ros2_ws/src/control_ws/install/ros2_control_demo_example_2/share/ros2_control_demo_example_2/package.sh'
[0.433s] INFO:colcon.colcon_core.shell:Creating package script '/ros2_ws/src/control_ws/install/ros2_control_demo_example_2/share/ros2_control_demo_example_2/package.bash'
[0.434s] INFO:colcon.colcon_core.shell:Creating package script '/ros2_ws/src/control_ws/install/ros2_control_demo_example_2/share/ros2_control_demo_example_2/package.zsh'
[0.434s] Level 1:colcon.colcon_core.environment:create_file_with_runtime_dependencies(/ros2_ws/src/control_ws/install/ros2_control_demo_example_2/share/colcon-core/packages/ros2_control_demo_example_2)
[0.434s] DEBUG:colcon.colcon_parallel_executor.executor.parallel:closing loop
[0.434s] DEBUG:colcon.colcon_parallel_executor.executor.parallel:loop closed
[0.434s] DEBUG:colcon.colcon_parallel_executor.executor.parallel:run_until_complete finished with '0'
[0.434s] DEBUG:colcon.colcon_core.event_reactor:joining thread
[0.446s] INFO:colcon.colcon_core.plugin_system:Skipping extension 'colcon_notification.desktop_notification.notify_send': Could not find 'notify-send'
[0.446s] INFO:colcon.colcon_core.plugin_system:Skipping extension 'colcon_notification.desktop_notification.terminal_notifier': Not used on non-Darwin systems
[0.446s] INFO:colcon.colcon_core.plugin_system:Skipping extension 'colcon_notification.desktop_notification.win32': Not used on non-Windows systems
[0.446s] INFO:colcon.colcon_notification.desktop_notification:Sending desktop notification using 'notify2'
[0.447s] DEBUG:colcon.colcon_notification.desktop_notification.notify2:Failed to initialize notify2: org.freedesktop.DBus.Error.Spawn.ExecFailed: /usr/bin/dbus-launch terminated abnormally without any error message
[0.448s] DEBUG:colcon.colcon_core.event_reactor:joined thread
[0.448s] INFO:colcon.colcon_core.shell:Creating prefix script '/ros2_ws/src/control_ws/install/local_setup.ps1'
[0.449s] INFO:colcon.colcon_core.shell:Creating prefix util module '/ros2_ws/src/control_ws/install/_local_setup_util_ps1.py'
[0.450s] INFO:colcon.colcon_core.shell:Creating prefix chain script '/ros2_ws/src/control_ws/install/setup.ps1'
[0.451s] INFO:colcon.colcon_core.shell:Creating prefix script '/ros2_ws/src/control_ws/install/local_setup.sh'
[0.451s] INFO:colcon.colcon_core.shell:Creating prefix util module '/ros2_ws/src/control_ws/install/_local_setup_util_sh.py'
[0.451s] INFO:colcon.colcon_core.shell:Creating prefix chain script '/ros2_ws/src/control_ws/install/setup.sh'
[0.453s] INFO:colcon.colcon_core.shell:Creating prefix script '/ros2_ws/src/control_ws/install/local_setup.bash'
[0.453s] INFO:colcon.colcon_core.shell:Creating prefix chain script '/ros2_ws/src/control_ws/install/setup.bash'
[0.455s] INFO:colcon.colcon_core.shell:Creating prefix script '/ros2_ws/src/control_ws/install/local_setup.zsh'
[0.456s] INFO:colcon.colcon_core.shell:Creating prefix chain script '/ros2_ws/src/control_ws/install/setup.zsh'
