[0.008s] Invoking command in '/ros2_ws/src/control_ws/build/ros2_control_demo_example_2': CMAKE_PREFIX_PATH=/ros2_ws/src/control_ws/install/ros2_control_demo_description:/ros2_ws/install/ros2_control_demo_example_2:/ros2_ws/install/ros2_control_demo_description:/ros2_ws/src/control_ws/install/ros2_control_demo_example_2:/ros2_ws/control_ws/install/ros2_control_demo_description:/ros2_ws/control_ws/install/ros2_control_demo_example_2:/ros2_ws/install/turtlebot3_simulations:/ros2_ws/install/turtlebot3_gazebo:/ros2_ws/install/turtlebot3_fake_node:/ros2_ws/install/pd4e_can:/ros2_ws/install/canopen_tests:/ros2_ws/install/canopen_ros2_controllers:/ros2_ws/install/canopen_ros2_control:/ros2_ws/install/canopen:/ros2_ws/install/canopen_402_driver:/ros2_ws/install/canopen_proxy_driver:/ros2_ws/install/canopen_master_driver:/ros2_ws/install/canopen_fake_slaves:/ros2_ws/install/canopen_base_driver:/ros2_ws/install/canopen_core:/ros2_ws/install/lely_core_libraries:/ros2_ws/install/canopen_interfaces:/ros2_ws/install/canopen_utils:/opt/ros/humble /usr/bin/cmake --build /ros2_ws/src/control_ws/build/ros2_control_demo_example_2 -- -j8 -l8
[0.051s] [100%] Built target ros2_control_demo_example_2
[0.060s] Invoked command in '/ros2_ws/src/control_ws/build/ros2_control_demo_example_2' returned '0': CMAKE_PREFIX_PATH=/ros2_ws/src/control_ws/install/ros2_control_demo_description:/ros2_ws/install/ros2_control_demo_example_2:/ros2_ws/install/ros2_control_demo_description:/ros2_ws/src/control_ws/install/ros2_control_demo_example_2:/ros2_ws/control_ws/install/ros2_control_demo_description:/ros2_ws/control_ws/install/ros2_control_demo_example_2:/ros2_ws/install/turtlebot3_simulations:/ros2_ws/install/turtlebot3_gazebo:/ros2_ws/install/turtlebot3_fake_node:/ros2_ws/install/pd4e_can:/ros2_ws/install/canopen_tests:/ros2_ws/install/canopen_ros2_controllers:/ros2_ws/install/canopen_ros2_control:/ros2_ws/install/canopen:/ros2_ws/install/canopen_402_driver:/ros2_ws/install/canopen_proxy_driver:/ros2_ws/install/canopen_master_driver:/ros2_ws/install/canopen_fake_slaves:/ros2_ws/install/canopen_base_driver:/ros2_ws/install/canopen_core:/ros2_ws/install/lely_core_libraries:/ros2_ws/install/canopen_interfaces:/ros2_ws/install/canopen_utils:/opt/ros/humble /usr/bin/cmake --build /ros2_ws/src/control_ws/build/ros2_control_demo_example_2 -- -j8 -l8
[0.087s] Invoking command in '/ros2_ws/src/control_ws/build/ros2_control_demo_example_2': CMAKE_PREFIX_PATH=/ros2_ws/src/control_ws/install/ros2_control_demo_description:/ros2_ws/install/ros2_control_demo_example_2:/ros2_ws/install/ros2_control_demo_description:/ros2_ws/src/control_ws/install/ros2_control_demo_example_2:/ros2_ws/control_ws/install/ros2_control_demo_description:/ros2_ws/control_ws/install/ros2_control_demo_example_2:/ros2_ws/install/turtlebot3_simulations:/ros2_ws/install/turtlebot3_gazebo:/ros2_ws/install/turtlebot3_fake_node:/ros2_ws/install/pd4e_can:/ros2_ws/install/canopen_tests:/ros2_ws/install/canopen_ros2_controllers:/ros2_ws/install/canopen_ros2_control:/ros2_ws/install/canopen:/ros2_ws/install/canopen_402_driver:/ros2_ws/install/canopen_proxy_driver:/ros2_ws/install/canopen_master_driver:/ros2_ws/install/canopen_fake_slaves:/ros2_ws/install/canopen_base_driver:/ros2_ws/install/canopen_core:/ros2_ws/install/lely_core_libraries:/ros2_ws/install/canopen_interfaces:/ros2_ws/install/canopen_utils:/opt/ros/humble /usr/bin/cmake --install /ros2_ws/src/control_ws/build/ros2_control_demo_example_2
[0.095s] -- Install configuration: ""
[0.095s] -- Execute custom install script
[0.095s] -- Up-to-date symlink: /ros2_ws/src/control_ws/install/ros2_control_demo_example_2/share/ros2_control_demo_example_2//ros2_control_demo_example_2.xml
[0.095s] -- Up-to-date symlink: /ros2_ws/src/control_ws/install/ros2_control_demo_example_2/include/ros2_control_demo_example_2/ros2_control_demo_example_2/diffbot_system.hpp
[0.096s] -- Up-to-date symlink: /ros2_ws/src/control_ws/install/ros2_control_demo_example_2/share/ros2_control_demo_example_2/launch/view_robot.launch.py
[0.096s] -- Up-to-date symlink: /ros2_ws/src/control_ws/install/ros2_control_demo_example_2/share/ros2_control_demo_example_2/ros2_control/diffbot.ros2_control.xacro
[0.096s] -- Up-to-date symlink: /ros2_ws/src/control_ws/install/ros2_control_demo_example_2/share/ros2_control_demo_example_2/urdf/diffbot.urdf.xacro
[0.096s] -- Up-to-date symlink: /ros2_ws/src/control_ws/install/ros2_control_demo_example_2/share/ros2_control_demo_example_2/launch/diffbot.launch.py
[0.096s] -- Up-to-date symlink: /ros2_ws/src/control_ws/install/ros2_control_demo_example_2/share/ros2_control_demo_example_2/config/diffbot_controllers.yaml
[0.096s] -- Up-to-date symlink: /ros2_ws/src/control_ws/install/ros2_control_demo_example_2/share/ros2_control_demo_example_2/environment/library_path.sh
[0.097s] -- Up-to-date symlink: /ros2_ws/src/control_ws/install/ros2_control_demo_example_2/share/ros2_control_demo_example_2/environment/library_path.dsv
[0.097s] -- Up-to-date symlink: /ros2_ws/src/control_ws/install/ros2_control_demo_example_2/share/ament_index/resource_index/package_run_dependencies/ros2_control_demo_example_2
[0.097s] -- Up-to-date symlink: /ros2_ws/src/control_ws/install/ros2_control_demo_example_2/share/ament_index/resource_index/parent_prefix_path/ros2_control_demo_example_2
[0.097s] -- Up-to-date symlink: /ros2_ws/src/control_ws/install/ros2_control_demo_example_2/share/ros2_control_demo_example_2/environment/ament_prefix_path.sh
[0.097s] -- Up-to-date symlink: /ros2_ws/src/control_ws/install/ros2_control_demo_example_2/share/ros2_control_demo_example_2/environment/ament_prefix_path.dsv
[0.097s] -- Up-to-date symlink: /ros2_ws/src/control_ws/install/ros2_control_demo_example_2/share/ros2_control_demo_example_2/environment/path.sh
[0.097s] -- Up-to-date symlink: /ros2_ws/src/control_ws/install/ros2_control_demo_example_2/share/ros2_control_demo_example_2/environment/path.dsv
[0.097s] -- Up-to-date symlink: /ros2_ws/src/control_ws/install/ros2_control_demo_example_2/share/ros2_control_demo_example_2/local_setup.bash
[0.097s] -- Up-to-date symlink: /ros2_ws/src/control_ws/install/ros2_control_demo_example_2/share/ros2_control_demo_example_2/local_setup.sh
[0.097s] -- Up-to-date symlink: /ros2_ws/src/control_ws/install/ros2_control_demo_example_2/share/ros2_control_demo_example_2/local_setup.zsh
[0.098s] -- Up-to-date symlink: /ros2_ws/src/control_ws/install/ros2_control_demo_example_2/share/ros2_control_demo_example_2/local_setup.dsv
[0.098s] -- Symlinking: /ros2_ws/src/control_ws/install/ros2_control_demo_example_2/share/ros2_control_demo_example_2/package.dsv
[0.104s] -- Up-to-date symlink: /ros2_ws/src/control_ws/install/ros2_control_demo_example_2/share/ament_index/resource_index/packages/ros2_control_demo_example_2
[0.105s] -- Up-to-date symlink: /ros2_ws/src/control_ws/install/ros2_control_demo_example_2/share/ament_index/resource_index/hardware_interface__pluginlib__plugin/ros2_control_demo_example_2
[0.105s] -- Up-to-date symlink: /ros2_ws/src/control_ws/install/ros2_control_demo_example_2/share/ros2_control_demo_example_2/cmake/ament_cmake_export_targets-extras.cmake
[0.105s] -- Up-to-date symlink: /ros2_ws/src/control_ws/install/ros2_control_demo_example_2/share/ros2_control_demo_example_2/cmake/ament_cmake_export_dependencies-extras.cmake
[0.105s] -- Up-to-date symlink: /ros2_ws/src/control_ws/install/ros2_control_demo_example_2/share/ros2_control_demo_example_2/cmake/ros2_control_demo_example_2Config.cmake
[0.105s] -- Up-to-date symlink: /ros2_ws/src/control_ws/install/ros2_control_demo_example_2/share/ros2_control_demo_example_2/cmake/ros2_control_demo_example_2Config-version.cmake
[0.105s] -- Up-to-date symlink: /ros2_ws/src/control_ws/install/ros2_control_demo_example_2/share/ros2_control_demo_example_2/package.xml
[0.105s] -- Up-to-date: /ros2_ws/src/control_ws/install/ros2_control_demo_example_2/lib/libros2_control_demo_example_2.so
[0.105s] -- Up-to-date: /ros2_ws/src/control_ws/install/ros2_control_demo_example_2/share/ros2_control_demo_example_2/cmake/export_ros2_control_demo_example_2Export.cmake
[0.105s] -- Up-to-date: /ros2_ws/src/control_ws/install/ros2_control_demo_example_2/share/ros2_control_demo_example_2/cmake/export_ros2_control_demo_example_2Export-noconfig.cmake
[0.107s] Invoked command in '/ros2_ws/src/control_ws/build/ros2_control_demo_example_2' returned '0': CMAKE_PREFIX_PATH=/ros2_ws/src/control_ws/install/ros2_control_demo_description:/ros2_ws/install/ros2_control_demo_example_2:/ros2_ws/install/ros2_control_demo_description:/ros2_ws/src/control_ws/install/ros2_control_demo_example_2:/ros2_ws/control_ws/install/ros2_control_demo_description:/ros2_ws/control_ws/install/ros2_control_demo_example_2:/ros2_ws/install/turtlebot3_simulations:/ros2_ws/install/turtlebot3_gazebo:/ros2_ws/install/turtlebot3_fake_node:/ros2_ws/install/pd4e_can:/ros2_ws/install/canopen_tests:/ros2_ws/install/canopen_ros2_controllers:/ros2_ws/install/canopen_ros2_control:/ros2_ws/install/canopen:/ros2_ws/install/canopen_402_driver:/ros2_ws/install/canopen_proxy_driver:/ros2_ws/install/canopen_master_driver:/ros2_ws/install/canopen_fake_slaves:/ros2_ws/install/canopen_base_driver:/ros2_ws/install/canopen_core:/ros2_ws/install/lely_core_libraries:/ros2_ws/install/canopen_interfaces:/ros2_ws/install/canopen_utils:/opt/ros/humble /usr/bin/cmake --install /ros2_ws/src/control_ws/build/ros2_control_demo_example_2
