-- The CXX compiler identification is GNU 11.4.0
-- Detecting CXX compiler ABI info
-- Detecting CXX compiler ABI info - done
-- Check for working CXX compiler: /usr/bin/c++ - skipped
-- Detecting CXX compile features
-- Detecting CXX compile features - done
-- Found backward_ros: 1.0.2 (/opt/ros/humble/share/backward_ros/cmake)
-- Found Python3: /usr/bin/python3 (found version "3.10.12") found components: Interpreter 
-- Override CMake install command with custom implementation using symlinks instead of copying resources
-- Found libdw: /usr/lib/x86_64-linux-gnu/libdw.so  
-- Could NOT find libbfd (missing: LIBBFD_LIBRARY LIBBFD_INCLUDE_DIR) 
-- BACKWARD_HAS_UNWIND=1
-- BACKWARD_HAS_BACKTRACE=0
-- BACKWARD_HAS_BACKTRACE_SYMBOL=0
-- BACKWARD_HAS_DW=1
-- BACKWARD_HAS_BFD=0
-- Found Backward: /opt/ros/humble/share/backward_ros/cmake  
-- Found ament_cmake: 1.3.9 (/opt/ros/humble/share/ament_cmake/cmake)
-- Found hardware_interface: 2.41.0 (/opt/ros/humble/share/hardware_interface/cmake)
-- Found rosidl_generator_c: 3.1.5 (/opt/ros/humble/share/rosidl_generator_c/cmake)
-- Found rosidl_adapter: 3.1.5 (/opt/ros/humble/share/rosidl_adapter/cmake)
-- Found rosidl_generator_cpp: 3.1.5 (/opt/ros/humble/share/rosidl_generator_cpp/cmake)
-- Using all available rosidl_typesupport_c: rosidl_typesupport_fastrtps_c;rosidl_typesupport_introspection_c
-- Using all available rosidl_typesupport_cpp: rosidl_typesupport_fastrtps_cpp;rosidl_typesupport_introspection_cpp
-- Found rmw_implementation_cmake: 6.1.2 (/opt/ros/humble/share/rmw_implementation_cmake/cmake)
-- Found rmw_cyclonedds_cpp: 1.3.4 (/opt/ros/humble/share/rmw_cyclonedds_cpp/cmake)
-- Using RMW implementation 'rmw_cyclonedds_cpp' as default
-- Looking for C++ include pthread.h
-- Looking for C++ include pthread.h - found
-- Performing Test CMAKE_HAVE_LIBC_PTHREAD
-- Performing Test CMAKE_HAVE_LIBC_PTHREAD - Success
-- Found Threads: TRUE  
-- Found ament_cmake_pytest: 1.3.9 (/opt/ros/humble/share/ament_cmake_pytest/cmake)
-- Configuring done
-- Generating done
-- Build files have been written to: /ros2_ws/src/control_ws/build/ros2_control_demo_example_2
[ 50%] [32mBuilding CXX object CMakeFiles/ros2_control_demo_example_2.dir/hardware/diffbot_system.cpp.o[0m
[100%] [32m[1mLinking CXX shared library libros2_control_demo_example_2.so[0m
[100%] Built target ros2_control_demo_example_2
-- Install configuration: ""
-- Execute custom install script
-- Symlinking: /ros2_ws/src/control_ws/install/ros2_control_demo_example_2/share/ros2_control_demo_example_2//ros2_control_demo_example_2.xml
-- Symlinking: /ros2_ws/src/control_ws/install/ros2_control_demo_example_2/include/ros2_control_demo_example_2/ros2_control_demo_example_2/diffbot_system.hpp
-- Symlinking: /ros2_ws/src/control_ws/install/ros2_control_demo_example_2/share/ros2_control_demo_example_2/launch/view_robot.launch.py
-- Symlinking: /ros2_ws/src/control_ws/install/ros2_control_demo_example_2/share/ros2_control_demo_example_2/ros2_control/diffbot.ros2_control.xacro
-- Symlinking: /ros2_ws/src/control_ws/install/ros2_control_demo_example_2/share/ros2_control_demo_example_2/urdf/diffbot.urdf.xacro
-- Symlinking: /ros2_ws/src/control_ws/install/ros2_control_demo_example_2/share/ros2_control_demo_example_2/launch/diffbot.launch.py
-- Symlinking: /ros2_ws/src/control_ws/install/ros2_control_demo_example_2/share/ros2_control_demo_example_2/config/diffbot_controllers.yaml
-- Symlinking: /ros2_ws/src/control_ws/install/ros2_control_demo_example_2/share/ros2_control_demo_example_2/environment/library_path.sh
-- Symlinking: /ros2_ws/src/control_ws/install/ros2_control_demo_example_2/share/ros2_control_demo_example_2/environment/library_path.dsv
-- Symlinking: /ros2_ws/src/control_ws/install/ros2_control_demo_example_2/share/ament_index/resource_index/package_run_dependencies/ros2_control_demo_example_2
-- Symlinking: /ros2_ws/src/control_ws/install/ros2_control_demo_example_2/share/ament_index/resource_index/parent_prefix_path/ros2_control_demo_example_2
-- Symlinking: /ros2_ws/src/control_ws/install/ros2_control_demo_example_2/share/ros2_control_demo_example_2/environment/ament_prefix_path.sh
-- Symlinking: /ros2_ws/src/control_ws/install/ros2_control_demo_example_2/share/ros2_control_demo_example_2/environment/ament_prefix_path.dsv
-- Symlinking: /ros2_ws/src/control_ws/install/ros2_control_demo_example_2/share/ros2_control_demo_example_2/environment/path.sh
-- Symlinking: /ros2_ws/src/control_ws/install/ros2_control_demo_example_2/share/ros2_control_demo_example_2/environment/path.dsv
-- Symlinking: /ros2_ws/src/control_ws/install/ros2_control_demo_example_2/share/ros2_control_demo_example_2/local_setup.bash
-- Symlinking: /ros2_ws/src/control_ws/install/ros2_control_demo_example_2/share/ros2_control_demo_example_2/local_setup.sh
-- Symlinking: /ros2_ws/src/control_ws/install/ros2_control_demo_example_2/share/ros2_control_demo_example_2/local_setup.zsh
-- Symlinking: /ros2_ws/src/control_ws/install/ros2_control_demo_example_2/share/ros2_control_demo_example_2/local_setup.dsv
-- Symlinking: /ros2_ws/src/control_ws/install/ros2_control_demo_example_2/share/ros2_control_demo_example_2/package.dsv
-- Symlinking: /ros2_ws/src/control_ws/install/ros2_control_demo_example_2/share/ament_index/resource_index/packages/ros2_control_demo_example_2
-- Symlinking: /ros2_ws/src/control_ws/install/ros2_control_demo_example_2/share/ament_index/resource_index/hardware_interface__pluginlib__plugin/ros2_control_demo_example_2
-- Symlinking: /ros2_ws/src/control_ws/install/ros2_control_demo_example_2/share/ros2_control_demo_example_2/cmake/ament_cmake_export_targets-extras.cmake
-- Symlinking: /ros2_ws/src/control_ws/install/ros2_control_demo_example_2/share/ros2_control_demo_example_2/cmake/ament_cmake_export_dependencies-extras.cmake
-- Symlinking: /ros2_ws/src/control_ws/install/ros2_control_demo_example_2/share/ros2_control_demo_example_2/cmake/ros2_control_demo_example_2Config.cmake
-- Symlinking: /ros2_ws/src/control_ws/install/ros2_control_demo_example_2/share/ros2_control_demo_example_2/cmake/ros2_control_demo_example_2Config-version.cmake
-- Symlinking: /ros2_ws/src/control_ws/install/ros2_control_demo_example_2/share/ros2_control_demo_example_2/package.xml
-- Installing: /ros2_ws/src/control_ws/install/ros2_control_demo_example_2/lib/libros2_control_demo_example_2.so
-- Set runtime path of "/ros2_ws/src/control_ws/install/ros2_control_demo_example_2/lib/libros2_control_demo_example_2.so" to ""
-- Installing: /ros2_ws/src/control_ws/install/ros2_control_demo_example_2/share/ros2_control_demo_example_2/cmake/export_ros2_control_demo_example_2Export.cmake
-- Installing: /ros2_ws/src/control_ws/install/ros2_control_demo_example_2/share/ros2_control_demo_example_2/cmake/export_ros2_control_demo_example_2Export-noconfig.cmake
